<?xml version="1.0" encoding="UTF-8"?>
<!-- Generated by org.testng.reporters.JUnitReportReporter -->
<testsuite hostname="LAPTOP-8EFH3UPD" failures="0" tests="4" name="api.test.UserTest" time="4.210" errors="0" timestamp="2024-02-24T17:27:16 PST" skipped="0">
  <testcase classname="api.test.UserTest" name="testPostUser" time="2.387"/>
  <system-out/>
  <testcase classname="api.test.UserTest" name="testGetUserByName" time="0.522"/>
  <system-out/>
  <testcase classname="api.test.UserTest" name="testUpdateUser" time="0.886"/>
  <system-out/>
  <testcase classname="api.test.UserTest" name="testDeleteUser" time="0.415"/>
  <system-out/>
</testsuite> <!-- api.test.UserTest -->
