<?xml version="1.0" encoding="UTF-8"?>
<!-- Generated by org.testng.reporters.JUnitReportReporter -->
<testsuite hostname="LAPTOP-8EFH3UPD" failures="0" tests="4" name="api.test.UserTest" time="4.417" errors="0" timestamp="2024-02-25T19:04:53 PST" skipped="0">
  <testcase classname="api.test.UserTest" name="testPostUser" time="2.673"/>
  <system-out/>
  <testcase classname="api.test.UserTest" name="testGetUserByName" time="0.465"/>
  <system-out/>
  <testcase classname="api.test.UserTest" name="testUpdateUser" time="0.869"/>
  <system-out/>
  <testcase classname="api.test.UserTest" name="testDeleteUser" time="0.410"/>
  <system-out/>
</testsuite> <!-- api.test.UserTest -->
